<?xml version="1.0" encoding="UTF-8"?>
<testsuite name="SanityTest"
           tests="1"
           failures="1"
           errors="0"
           skipped="0"
           time="155.940">
  <properties />
            <testcase name="provider_reg_IndependentSite" time="155.940" classname="testcases.ProviderRegistration_IndependentSite">
                <failure type="org.openqa.selenium.WebDriverException"
                  message="unknown error: Element &lt;input class=&quot;slds-input ng-pristine ng-untouched ng-empty ng-valid ng-valid-required&quot; data-type=&quot;checkbox&quot; data-ng-required=&quot;false&quot; id=&quot;3224:73;a_form.providerContact._variable_programInformation_74__input&quot; data-ng-blur=&quot;validateFieldOnBlur($event, _fields[&apos;3224:73;a_form.providerContact._variable_programInformation_74&apos;])&quot; data-ng-value=&quot;!!_form.providerContact._variable_programInformation.value&quot; data-ng-model=&quot;_form.providerContact._variable_programInformation.value&quot; type=&quot;checkbox&quot; data-gid=&quot;3224:73;a&quot; data-ng-disabled=&quot;_fields[&apos;3224:73;a_form.providerContact._variable_programInformation_74&apos;].disabled&quot; data-global-id=&quot;&quot; data-ng-model-options=&quot;{ allowInvalid: true }&quot; data-ng-change=&quot;validateFieldOnVariableChange(&apos;3224:73;a_form.providerContact._variable_programInformation_74&apos;, _fields[&apos;3224:73;a_form.providerContact._variable_programInformation_74&apos;]);action(&apos;&apos;,&apos;&apos;,_form,&apos;programInformation&apos;,&apos;3224:73;a&apos;, true, &apos;3224:73;a_form.providerContact._variable_programInformation_74&apos;,null)&quot; data-aura-rendered-by=&quot;3231:73;a&quot; value=&quot;false&quot; aria-invalid=&quot;false&quot;&gt; is not clickable at point (384, 506). Other element would receive the click: &lt;span class=&quot;slds-form-element__label janssen-gray &quot; data-body=&quot;3224:73;a&quot; data-aura-rendered-by=&quot;3234:73;a&quot;&gt;...&lt;/span&gt;
  (Session info: chrome=66.0.3359.181)
  (Driver info: chromedriver=2.38.552522 (437e6fbedfa8762dec75e2c5b3ddb86763dc9dcb),platform=Windows NT 10.0.16299 x86_64) (WARNING: The server did not provide any stacktrace information)
Command duration or timeout: 0 milliseconds
Build info: version: &apos;3.8.1&apos;, revision: &apos;6e95a6684b&apos;, time: &apos;2017-12-01T18:33:54.468Z&apos;
System info: host: &apos;LAPTOP-FMPJRGHC&apos;, ip: &apos;9.109.156.139&apos;, os.name: &apos;Windows 10&apos;, os.arch: &apos;amd64&apos;, os.version: &apos;10.0&apos;, java.version: &apos;1.8.0_161&apos;
Driver info: org.openqa.selenium.chrome.ChromeDriver
Capabilities {acceptInsecureCerts: false, acceptSslCerts: false, applicationCacheEnabled: false, browserConnectionEnabled: false, browserName: chrome, chrome: {chromedriverVersion: 2.38.552522 (437e6fbedfa876..., userDataDir: C:\Users\AnandB\AppData\Loc...}, cssSelectorsEnabled: true, databaseEnabled: false, handlesAlerts: true, hasTouchScreen: false, javascriptEnabled: true, locationContextEnabled: true, mobileEmulationEnabled: false, nativeEvents: true, networkConnectionEnabled: false, pageLoadStrategy: normal, platform: XP, platformName: XP, rotatable: false, setWindowRect: true, takesHeapSnapshot: true, takesScreenshot: true, unexpectedAlertBehaviour: , unhandledPromptBehavior: , version: 66.0.3359.181, webStorageEnabled: true}
Session ID: e00e2004ba00e6c91f634530020ec515"
              >
<![CDATA[org.openqa.selenium.WebDriverException: unknown error: Element <input class="slds-input ng-pristine ng-untouched ng-empty ng-valid ng-valid-required" data-type="checkbox" data-ng-required="false" id="3224:73;a_form.providerContact._variable_programInformation_74__input" data-ng-blur="validateFieldOnBlur($event, _fields['3224:73;a_form.providerContact._variable_programInformation_74'])" data-ng-value="!!_form.providerContact._variable_programInformation.value" data-ng-model="_form.providerContact._variable_programInformation.value" type="checkbox" data-gid="3224:73;a" data-ng-disabled="_fields['3224:73;a_form.providerContact._variable_programInformation_74'].disabled" data-global-id="" data-ng-model-options="{ allowInvalid: true }" data-ng-change="validateFieldOnVariableChange('3224:73;a_form.providerContact._variable_programInformation_74', _fields['3224:73;a_form.providerContact._variable_programInformation_74']);action('','',_form,'programInformation','3224:73;a', true, '3224:73;a_form.providerContact._variable_programInformation_74',null)" data-aura-rendered-by="3231:73;a" value="false" aria-invalid="false"> is not clickable at point (384, 506). Other element would receive the click: <span class="slds-form-element__label janssen-gray " data-body="3224:73;a" data-aura-rendered-by="3234:73;a">...</span>
  (Session info: chrome=66.0.3359.181)
  (Driver info: chromedriver=2.38.552522 (437e6fbedfa8762dec75e2c5b3ddb86763dc9dcb),platform=Windows NT 10.0.16299 x86_64) (WARNING: The server did not provide any stacktrace information)
Command duration or timeout: 0 milliseconds
Build info: version: '3.8.1', revision: '6e95a6684b', time: '2017-12-01T18:33:54.468Z'
System info: host: 'LAPTOP-FMPJRGHC', ip: '9.109.156.139', os.name: 'Windows 10', os.arch: 'amd64', os.version: '10.0', java.version: '1.8.0_161'
Driver info: org.openqa.selenium.chrome.ChromeDriver
Capabilities {acceptInsecureCerts: false, acceptSslCerts: false, applicationCacheEnabled: false, browserConnectionEnabled: false, browserName: chrome, chrome: {chromedriverVersion: 2.38.552522 (437e6fbedfa876..., userDataDir: C:\Users\AnandB\AppData\Loc...}, cssSelectorsEnabled: true, databaseEnabled: false, handlesAlerts: true, hasTouchScreen: false, javascriptEnabled: true, locationContextEnabled: true, mobileEmulationEnabled: false, nativeEvents: true, networkConnectionEnabled: false, pageLoadStrategy: normal, platform: XP, platformName: XP, rotatable: false, setWindowRect: true, takesHeapSnapshot: true, takesScreenshot: true, unexpectedAlertBehaviour: , unhandledPromptBehavior: , version: 66.0.3359.181, webStorageEnabled: true}
Session ID: e00e2004ba00e6c91f634530020ec515
  sun.reflect.NativeConstructorAccessorImpl.newInstance0(Native Method)
  sun.reflect.NativeConstructorAccessorImpl.newInstance(Unknown Source)
  sun.reflect.DelegatingConstructorAccessorImpl.newInstance(Unknown Source)
  java.lang.reflect.Constructor.newInstance(Unknown Source)
  org.openqa.selenium.remote.ErrorHandler.createThrowable(ErrorHandler.java:214)
  org.openqa.selenium.remote.ErrorHandler.throwIfResponseFailed(ErrorHandler.java:166)
  org.openqa.selenium.remote.http.JsonHttpResponseCodec.reconstructValue(JsonHttpResponseCodec.java:40)
  org.openqa.selenium.remote.http.AbstractHttpResponseCodec.decode(AbstractHttpResponseCodec.java:80)
  org.openqa.selenium.remote.http.AbstractHttpResponseCodec.decode(AbstractHttpResponseCodec.java:44)
  org.openqa.selenium.remote.HttpCommandExecutor.execute(HttpCommandExecutor.java:164)
  org.openqa.selenium.remote.service.DriverCommandExecutor.execute(DriverCommandExecutor.java:83)
  org.openqa.selenium.remote.RemoteWebDriver.execute(RemoteWebDriver.java:601)
  org.openqa.selenium.remote.RemoteWebElement.execute(RemoteWebElement.java:279)
  org.openqa.selenium.remote.RemoteWebElement.click(RemoteWebElement.java:83)
  base.TestBase.click(TestBase.java:151)
  testcases.ProviderRegistration_IndependentSite.provider_reg_IndependentSite(ProviderRegistration_IndependentSite.java:177)
  sun.reflect.NativeMethodAccessorImpl.invoke0(Native Method)
  sun.reflect.NativeMethodAccessorImpl.invoke(Unknown Source)
  sun.reflect.DelegatingMethodAccessorImpl.invoke(Unknown Source)
  java.lang.reflect.Method.invoke(Unknown Source)
  org.testng.internal.MethodInvocationHelper.invokeMethod(MethodInvocationHelper.java:108)
  org.testng.internal.Invoker.invokeMethod(Invoker.java:661)
  org.testng.internal.Invoker.invokeTestMethod(Invoker.java:869)
  org.testng.internal.Invoker.invokeTestMethods(Invoker.java:1193)
  org.testng.internal.TestMethodWorker.invokeTestMethods(TestMethodWorker.java:126)
  org.testng.internal.TestMethodWorker.run(TestMethodWorker.java:109)
  org.testng.TestRunner.privateRun(TestRunner.java:744)
  org.testng.TestRunner.run(TestRunner.java:602)
  org.testng.SuiteRunner.runTest(SuiteRunner.java:380)
  org.testng.SuiteRunner.runSequentially(SuiteRunner.java:375)
  org.testng.SuiteRunner.privateRun(SuiteRunner.java:340)
  org.testng.SuiteRunner.run(SuiteRunner.java:289)
  org.testng.SuiteRunnerWorker.runSuite(SuiteRunnerWorker.java:52)
  org.testng.SuiteRunnerWorker.run(SuiteRunnerWorker.java:86)
  org.testng.TestNG.runSuitesSequentially(TestNG.java:1301)
  org.testng.TestNG.runSuitesLocally(TestNG.java:1226)
  org.testng.TestNG.runSuites(TestNG.java:1144)
  org.testng.TestNG.run(TestNG.java:1115)
  org.testng.remote.AbstractRemoteTestNG.run(AbstractRemoteTestNG.java:114)
  org.testng.remote.RemoteTestNG.initAndRun(RemoteTestNG.java:251)
  org.testng.remote.RemoteTestNG.main(RemoteTestNG.java:77)
]]>
      </failure>

          </testcase>
  
  
  
</testsuite>
