<?xml version="1.0" encoding="UTF-8"?>
<!-- Generated by org.testng.reporters.JUnitReportReporter -->
<testsuite skipped="0" hostname="LAPTOP-FMPJRGHC" name="testcases.ProviderRegistration_IndependentSite" tests="1" failures="0" timestamp="08 Jun 2018 10:22:56 GMT" time="155.940" errors="1">
  <testcase name="provider_reg_IndependentSite" time="155.940" classname="testcases.ProviderRegistration_IndependentSite">
    <error type="org.openqa.selenium.WebDriverException" message="unknown error: Element &lt;input class=&quot;slds-input ng-pristine ng-untouched ng-empty ng-valid ng-valid-required&quot; data-type=&quot;checkbox&quot; data-ng-required=&quot;false&quot; id=&quot;3224:73;a_form.providerContact._variable_programInformation_74__input&quot; data-ng-blur=&quot;validateFieldOnBlur($event, _fields[&#039;3224:73;a_form.providerContact._variable_programInformation_74&#039;])&quot; data-ng-value=&quot;!!_form.providerContact._variable_programInformation.value&quot; data-ng-model=&quot;_form.providerContact._variable_programInformation.value&quot; type=&quot;checkbox&quot; data-gid=&quot;3224:73;a&quot; data-ng-disabled=&quot;_fields[&#039;3224:73;a_form.providerContact._variable_programInformation_74&#039;].disabled&quot; data-global-id=&quot;&quot; data-ng-model-options=&quot;{ allowInvalid: true }&quot; data-ng-change=&quot;validateFieldOnVariableChange(&#039;3224:73;a_form.providerContact._variable_programInformation_74&#039;, _fields[&#039;3224:73;a_form.providerContact._variable_programInformation_74&#039;]);action(&#039;&#039;,&#039;&#039;,_form,&#039;programInformation&#039;,&#039;3224:73;a&#039;, true, &#039;3224:73;a_form.providerContact._variable_programInformation_74&#039;,null)&quot; data-aura-rendered-by=&quot;3231:73;a&quot; value=&quot;false&quot; aria-invalid=&quot;false&quot;&gt; is not clickable at point (384, 506). Other element would receive the click: &lt;span class=&quot;slds-form-element__label janssen-gray &quot; data-body=&quot;3224:73;a&quot; data-aura-rendered-by=&quot;3234:73;a&quot;&gt;...&lt;/span&gt;
  (Session info: chrome=66.0.3359.181)
  (Driver info: chromedriver=2.38.552522 (437e6fbedfa8762dec75e2c5b3ddb86763dc9dcb),platform=Windows NT 10.0.16299 x86_64) (WARNING: The server did not provide any stacktrace information)
Command duration or timeout: 0 milliseconds
Build info: version: &#039;3.8.1&#039;, revision: &#039;6e95a6684b&#039;, time: &#039;2017-12-01T18:33:54.468Z&#039;
System info: host: &#039;LAPTOP-FMPJRGHC&#039;, ip: &#039;9.109.156.139&#039;, os.name: &#039;Windows 10&#039;, os.arch: &#039;amd64&#039;, os.version: &#039;10.0&#039;, java.version: &#039;1.8.0_161&#039;
Driver info: org.openqa.selenium.chrome.ChromeDriver
Capabilities {acceptInsecureCerts: false, acceptSslCerts: false, applicationCacheEnabled: false, browserConnectionEnabled: false, browserName: chrome, chrome: {chromedriverVersion: 2.38.552522 (437e6fbedfa876..., userDataDir: C:\Users\AnandB\AppData\Loc...}, cssSelectorsEnabled: true, databaseEnabled: false, handlesAlerts: true, hasTouchScreen: false, javascriptEnabled: true, locationContextEnabled: true, mobileEmulationEnabled: false, nativeEvents: true, networkConnectionEnabled: false, pageLoadStrategy: normal, platform: XP, platformName: XP, rotatable: false, setWindowRect: true, takesHeapSnapshot: true, takesScreenshot: true, unexpectedAlertBehaviour: , unhandledPromptBehavior: , version: 66.0.3359.181, webStorageEnabled: true}
Session ID: e00e2004ba00e6c91f634530020ec515">
      <![CDATA[org.openqa.selenium.WebDriverException: unknown error: Element <input class="slds-input ng-pristine ng-untouched ng-empty ng-valid ng-valid-required" data-type="checkbox" data-ng-required="false" id="3224:73;a_form.providerContact._variable_programInformation_74__input" data-ng-blur="validateFieldOnBlur($event, _fields['3224:73;a_form.providerContact._variable_programInformation_74'])" data-ng-value="!!_form.providerContact._variable_programInformation.value" data-ng-model="_form.providerContact._variable_programInformation.value" type="checkbox" data-gid="3224:73;a" data-ng-disabled="_fields['3224:73;a_form.providerContact._variable_programInformation_74'].disabled" data-global-id="" data-ng-model-options="{ allowInvalid: true }" data-ng-change="validateFieldOnVariableChange('3224:73;a_form.providerContact._variable_programInformation_74', _fields['3224:73;a_form.providerContact._variable_programInformation_74']);action('','',_form,'programInformation','3224:73;a', true, '3224:73;a_form.providerContact._variable_programInformation_74',null)" data-aura-rendered-by="3231:73;a" value="false" aria-invalid="false"> is not clickable at point (384, 506). Other element would receive the click: <span class="slds-form-element__label janssen-gray " data-body="3224:73;a" data-aura-rendered-by="3234:73;a">...</span>
  (Session info: chrome=66.0.3359.181)
  (Driver info: chromedriver=2.38.552522 (437e6fbedfa8762dec75e2c5b3ddb86763dc9dcb),platform=Windows NT 10.0.16299 x86_64) (WARNING: The server did not provide any stacktrace information)
Command duration or timeout: 0 milliseconds
Build info: version: '3.8.1', revision: '6e95a6684b', time: '2017-12-01T18:33:54.468Z'
System info: host: 'LAPTOP-FMPJRGHC', ip: '9.109.156.139', os.name: 'Windows 10', os.arch: 'amd64', os.version: '10.0', java.version: '1.8.0_161'
Driver info: org.openqa.selenium.chrome.ChromeDriver
Capabilities {acceptInsecureCerts: false, acceptSslCerts: false, applicationCacheEnabled: false, browserConnectionEnabled: false, browserName: chrome, chrome: {chromedriverVersion: 2.38.552522 (437e6fbedfa876..., userDataDir: C:\Users\AnandB\AppData\Loc...}, cssSelectorsEnabled: true, databaseEnabled: false, handlesAlerts: true, hasTouchScreen: false, javascriptEnabled: true, locationContextEnabled: true, mobileEmulationEnabled: false, nativeEvents: true, networkConnectionEnabled: false, pageLoadStrategy: normal, platform: XP, platformName: XP, rotatable: false, setWindowRect: true, takesHeapSnapshot: true, takesScreenshot: true, unexpectedAlertBehaviour: , unhandledPromptBehavior: , version: 66.0.3359.181, webStorageEnabled: true}
Session ID: e00e2004ba00e6c91f634530020ec515
	at sun.reflect.NativeConstructorAccessorImpl.newInstance0(Native Method)
	at sun.reflect.NativeConstructorAccessorImpl.newInstance(Unknown Source)
	at sun.reflect.DelegatingConstructorAccessorImpl.newInstance(Unknown Source)
	at java.lang.reflect.Constructor.newInstance(Unknown Source)
	at org.openqa.selenium.remote.ErrorHandler.createThrowable(ErrorHandler.java:214)
	at org.openqa.selenium.remote.ErrorHandler.throwIfResponseFailed(ErrorHandler.java:166)
	at org.openqa.selenium.remote.http.JsonHttpResponseCodec.reconstructValue(JsonHttpResponseCodec.java:40)
	at org.openqa.selenium.remote.http.AbstractHttpResponseCodec.decode(AbstractHttpResponseCodec.java:80)
	at org.openqa.selenium.remote.http.AbstractHttpResponseCodec.decode(AbstractHttpResponseCodec.java:44)
	at org.openqa.selenium.remote.HttpCommandExecutor.execute(HttpCommandExecutor.java:164)
	at org.openqa.selenium.remote.service.DriverCommandExecutor.execute(DriverCommandExecutor.java:83)
	at org.openqa.selenium.remote.RemoteWebDriver.execute(RemoteWebDriver.java:601)
	at org.openqa.selenium.remote.RemoteWebElement.execute(RemoteWebElement.java:279)
	at org.openqa.selenium.remote.RemoteWebElement.click(RemoteWebElement.java:83)
	at base.TestBase.click(TestBase.java:151)
	at testcases.ProviderRegistration_IndependentSite.provider_reg_IndependentSite(ProviderRegistration_IndependentSite.java:177)
	at sun.reflect.NativeMethodAccessorImpl.invoke0(Native Method)
	at sun.reflect.NativeMethodAccessorImpl.invoke(Unknown Source)
	at sun.reflect.DelegatingMethodAccessorImpl.invoke(Unknown Source)
	at java.lang.reflect.Method.invoke(Unknown Source)
	at org.testng.internal.MethodInvocationHelper.invokeMethod(MethodInvocationHelper.java:108)
	at org.testng.internal.Invoker.invokeMethod(Invoker.java:661)
	at org.testng.internal.Invoker.invokeTestMethod(Invoker.java:869)
	at org.testng.internal.Invoker.invokeTestMethods(Invoker.java:1193)
	at org.testng.internal.TestMethodWorker.invokeTestMethods(TestMethodWorker.java:126)
	at org.testng.internal.TestMethodWorker.run(TestMethodWorker.java:109)
	at org.testng.TestRunner.privateRun(TestRunner.java:744)
	at org.testng.TestRunner.run(TestRunner.java:602)
	at org.testng.SuiteRunner.runTest(SuiteRunner.java:380)
	at org.testng.SuiteRunner.runSequentially(SuiteRunner.java:375)
	at org.testng.SuiteRunner.privateRun(SuiteRunner.java:340)
	at org.testng.SuiteRunner.run(SuiteRunner.java:289)
	at org.testng.SuiteRunnerWorker.runSuite(SuiteRunnerWorker.java:52)
	at org.testng.SuiteRunnerWorker.run(SuiteRunnerWorker.java:86)
	at org.testng.TestNG.runSuitesSequentially(TestNG.java:1301)
	at org.testng.TestNG.runSuitesLocally(TestNG.java:1226)
	at org.testng.TestNG.runSuites(TestNG.java:1144)
	at org.testng.TestNG.run(TestNG.java:1115)
	at org.testng.remote.AbstractRemoteTestNG.run(AbstractRemoteTestNG.java:114)
	at org.testng.remote.RemoteTestNG.initAndRun(RemoteTestNG.java:251)
	at org.testng.remote.RemoteTestNG.main(RemoteTestNG.java:77)
]]>
    </error>
  </testcase> <!-- provider_reg_IndependentSite -->
</testsuite> <!-- testcases.ProviderRegistration_IndependentSite -->
